{"/Users/michael.techera/Documents/letters/index.ts": {"path":"/Users/michael.techera/Documents/letters/index.ts","all":false,"statementMap":{"0":{"start":{"line":1,"column":0},"end":{"line":1,"column":25}},"1":{"start":{"line":2,"column":0},"end":{"line":2,"column":15}},"2":{"start":{"line":3,"column":0},"end":{"line":3,"column":15}},"3":{"start":{"line":4,"column":0},"end":{"line":4,"column":2}},"4":{"start":{"line":5,"column":0},"end":{"line":5,"column":0}},"5":{"start":{"line":6,"column":0},"end":{"line":6,"column":25}},"6":{"start":{"line":7,"column":0},"end":{"line":7,"column":0}},"7":{"start":{"line":8,"column":0},"end":{"line":8,"column":68}},"8":{"start":{"line":9,"column":0},"end":{"line":9,"column":22}},"9":{"start":{"line":10,"column":0},"end":{"line":10,"column":25}},"10":{"start":{"line":11,"column":0},"end":{"line":11,"column":3}},"11":{"start":{"line":12,"column":0},"end":{"line":12,"column":0}},"12":{"start":{"line":13,"column":0},"end":{"line":13,"column":66}},"13":{"start":{"line":14,"column":0},"end":{"line":14,"column":53}},"14":{"start":{"line":15,"column":0},"end":{"line":15,"column":21}},"15":{"start":{"line":16,"column":0},"end":{"line":16,"column":0}},"16":{"start":{"line":17,"column":0},"end":{"line":17,"column":40}},"17":{"start":{"line":18,"column":0},"end":{"line":18,"column":46}},"18":{"start":{"line":19,"column":0},"end":{"line":19,"column":39}},"19":{"start":{"line":20,"column":0},"end":{"line":20,"column":40}},"20":{"start":{"line":21,"column":0},"end":{"line":21,"column":44}},"21":{"start":{"line":22,"column":0},"end":{"line":22,"column":0}},"22":{"start":{"line":23,"column":0},"end":{"line":23,"column":53}},"23":{"start":{"line":24,"column":0},"end":{"line":24,"column":22}},"24":{"start":{"line":25,"column":0},"end":{"line":25,"column":7}},"25":{"start":{"line":26,"column":0},"end":{"line":26,"column":5}},"26":{"start":{"line":27,"column":0},"end":{"line":27,"column":3}},"27":{"start":{"line":28,"column":0},"end":{"line":28,"column":0}},"28":{"start":{"line":29,"column":0},"end":{"line":29,"column":16}},"29":{"start":{"line":30,"column":0},"end":{"line":30,"column":2}},"30":{"start":{"line":31,"column":0},"end":{"line":31,"column":0}},"31":{"start":{"line":32,"column":0},"end":{"line":32,"column":64}},"32":{"start":{"line":33,"column":0},"end":{"line":33,"column":53}},"33":{"start":{"line":34,"column":0},"end":{"line":34,"column":21}},"34":{"start":{"line":35,"column":0},"end":{"line":35,"column":0}},"35":{"start":{"line":36,"column":0},"end":{"line":36,"column":40}},"36":{"start":{"line":37,"column":0},"end":{"line":37,"column":46}},"37":{"start":{"line":38,"column":0},"end":{"line":38,"column":39}},"38":{"start":{"line":39,"column":0},"end":{"line":39,"column":40}},"39":{"start":{"line":40,"column":0},"end":{"line":40,"column":44}},"40":{"start":{"line":41,"column":0},"end":{"line":41,"column":0}},"41":{"start":{"line":42,"column":0},"end":{"line":42,"column":53}},"42":{"start":{"line":43,"column":0},"end":{"line":43,"column":22}},"43":{"start":{"line":44,"column":0},"end":{"line":44,"column":7}},"44":{"start":{"line":45,"column":0},"end":{"line":45,"column":5}},"45":{"start":{"line":46,"column":0},"end":{"line":46,"column":3}},"46":{"start":{"line":47,"column":0},"end":{"line":47,"column":0}},"47":{"start":{"line":48,"column":0},"end":{"line":48,"column":16}},"48":{"start":{"line":49,"column":0},"end":{"line":49,"column":2}},"49":{"start":{"line":50,"column":0},"end":{"line":50,"column":0}},"50":{"start":{"line":51,"column":0},"end":{"line":51,"column":64}},"51":{"start":{"line":52,"column":0},"end":{"line":52,"column":53}},"52":{"start":{"line":53,"column":0},"end":{"line":53,"column":21}},"53":{"start":{"line":54,"column":0},"end":{"line":54,"column":0}},"54":{"start":{"line":55,"column":0},"end":{"line":55,"column":44}},"55":{"start":{"line":56,"column":0},"end":{"line":56,"column":46}},"56":{"start":{"line":57,"column":0},"end":{"line":57,"column":39}},"57":{"start":{"line":58,"column":0},"end":{"line":58,"column":44}},"58":{"start":{"line":59,"column":0},"end":{"line":59,"column":48}},"59":{"start":{"line":60,"column":0},"end":{"line":60,"column":0}},"60":{"start":{"line":61,"column":0},"end":{"line":61,"column":53}},"61":{"start":{"line":62,"column":0},"end":{"line":62,"column":22}},"62":{"start":{"line":63,"column":0},"end":{"line":63,"column":7}},"63":{"start":{"line":64,"column":0},"end":{"line":64,"column":5}},"64":{"start":{"line":65,"column":0},"end":{"line":65,"column":3}},"65":{"start":{"line":66,"column":0},"end":{"line":66,"column":0}},"66":{"start":{"line":67,"column":0},"end":{"line":67,"column":16}},"67":{"start":{"line":68,"column":0},"end":{"line":68,"column":2}},"68":{"start":{"line":69,"column":0},"end":{"line":69,"column":0}},"69":{"start":{"line":70,"column":0},"end":{"line":70,"column":71}},"70":{"start":{"line":71,"column":0},"end":{"line":71,"column":53}},"71":{"start":{"line":72,"column":0},"end":{"line":72,"column":21}},"72":{"start":{"line":73,"column":0},"end":{"line":73,"column":0}},"73":{"start":{"line":74,"column":0},"end":{"line":74,"column":44}},"74":{"start":{"line":75,"column":0},"end":{"line":75,"column":46}},"75":{"start":{"line":76,"column":0},"end":{"line":76,"column":39}},"76":{"start":{"line":77,"column":0},"end":{"line":77,"column":44}},"77":{"start":{"line":78,"column":0},"end":{"line":78,"column":48}},"78":{"start":{"line":79,"column":0},"end":{"line":79,"column":0}},"79":{"start":{"line":80,"column":0},"end":{"line":80,"column":53}},"80":{"start":{"line":81,"column":0},"end":{"line":81,"column":22}},"81":{"start":{"line":82,"column":0},"end":{"line":82,"column":7}},"82":{"start":{"line":83,"column":0},"end":{"line":83,"column":5}},"83":{"start":{"line":84,"column":0},"end":{"line":84,"column":3}},"84":{"start":{"line":85,"column":0},"end":{"line":85,"column":0}},"85":{"start":{"line":86,"column":0},"end":{"line":86,"column":16}},"86":{"start":{"line":87,"column":0},"end":{"line":87,"column":2}}},"s":{"0":1,"1":1,"2":1,"3":1,"4":1,"5":1,"6":1,"7":1,"8":1,"9":1,"10":1,"11":1,"12":1,"13":3,"14":3,"15":3,"16":3,"17":12,"18":24,"19":24,"20":24,"21":24,"22":24,"23":4,"24":4,"25":24,"26":12,"27":3,"28":3,"29":3,"30":1,"31":1,"32":3,"33":3,"34":3,"35":3,"36":12,"37":24,"38":24,"39":24,"40":24,"41":24,"42":4,"43":4,"44":24,"45":12,"46":3,"47":3,"48":3,"49":1,"50":1,"51":3,"52":3,"53":3,"54":3,"55":6,"56":12,"57":12,"58":12,"59":12,"60":12,"61":3,"62":3,"63":12,"64":6,"65":3,"66":3,"67":3,"68":1,"69":1,"70":3,"71":3,"72":3,"73":3,"74":6,"75":12,"76":12,"77":12,"78":12,"79":12,"80":3,"81":3,"82":12,"83":6,"84":3,"85":3,"86":3},"branchMap":{"0":{"type":"branch","line":13,"loc":{"start":{"line":13,"column":37},"end":{"line":30,"column":2}},"locations":[{"start":{"line":13,"column":37},"end":{"line":30,"column":2}}]},"1":{"type":"branch","line":17,"loc":{"start":{"line":17,"column":39},"end":{"line":27,"column":3}},"locations":[{"start":{"line":17,"column":39},"end":{"line":27,"column":3}}]},"2":{"type":"branch","line":18,"loc":{"start":{"line":18,"column":45},"end":{"line":26,"column":5}},"locations":[{"start":{"line":18,"column":45},"end":{"line":26,"column":5}}]},"3":{"type":"branch","line":23,"loc":{"start":{"line":23,"column":10},"end":{"line":23,"column":52}},"locations":[{"start":{"line":23,"column":10},"end":{"line":23,"column":52}}]},"4":{"type":"branch","line":23,"loc":{"start":{"line":23,"column":52},"end":{"line":25,"column":7}},"locations":[{"start":{"line":23,"column":52},"end":{"line":25,"column":7}}]},"5":{"type":"branch","line":32,"loc":{"start":{"line":32,"column":35},"end":{"line":49,"column":2}},"locations":[{"start":{"line":32,"column":35},"end":{"line":49,"column":2}}]},"6":{"type":"branch","line":36,"loc":{"start":{"line":36,"column":39},"end":{"line":46,"column":3}},"locations":[{"start":{"line":36,"column":39},"end":{"line":46,"column":3}}]},"7":{"type":"branch","line":37,"loc":{"start":{"line":37,"column":45},"end":{"line":45,"column":5}},"locations":[{"start":{"line":37,"column":45},"end":{"line":45,"column":5}}]},"8":{"type":"branch","line":42,"loc":{"start":{"line":42,"column":10},"end":{"line":42,"column":52}},"locations":[{"start":{"line":42,"column":10},"end":{"line":42,"column":52}}]},"9":{"type":"branch","line":42,"loc":{"start":{"line":42,"column":52},"end":{"line":44,"column":7}},"locations":[{"start":{"line":42,"column":52},"end":{"line":44,"column":7}}]},"10":{"type":"branch","line":51,"loc":{"start":{"line":51,"column":35},"end":{"line":68,"column":2}},"locations":[{"start":{"line":51,"column":35},"end":{"line":68,"column":2}}]},"11":{"type":"branch","line":55,"loc":{"start":{"line":55,"column":43},"end":{"line":65,"column":3}},"locations":[{"start":{"line":55,"column":43},"end":{"line":65,"column":3}}]},"12":{"type":"branch","line":56,"loc":{"start":{"line":56,"column":45},"end":{"line":64,"column":5}},"locations":[{"start":{"line":56,"column":45},"end":{"line":64,"column":5}}]},"13":{"type":"branch","line":61,"loc":{"start":{"line":61,"column":10},"end":{"line":61,"column":52}},"locations":[{"start":{"line":61,"column":10},"end":{"line":61,"column":52}}]},"14":{"type":"branch","line":61,"loc":{"start":{"line":61,"column":52},"end":{"line":63,"column":7}},"locations":[{"start":{"line":61,"column":52},"end":{"line":63,"column":7}}]},"15":{"type":"branch","line":70,"loc":{"start":{"line":70,"column":42},"end":{"line":87,"column":2}},"locations":[{"start":{"line":70,"column":42},"end":{"line":87,"column":2}}]},"16":{"type":"branch","line":74,"loc":{"start":{"line":74,"column":43},"end":{"line":84,"column":3}},"locations":[{"start":{"line":74,"column":43},"end":{"line":84,"column":3}}]},"17":{"type":"branch","line":75,"loc":{"start":{"line":75,"column":45},"end":{"line":83,"column":5}},"locations":[{"start":{"line":75,"column":45},"end":{"line":83,"column":5}}]},"18":{"type":"branch","line":80,"loc":{"start":{"line":80,"column":10},"end":{"line":80,"column":52}},"locations":[{"start":{"line":80,"column":10},"end":{"line":80,"column":52}}]},"19":{"type":"branch","line":80,"loc":{"start":{"line":80,"column":52},"end":{"line":82,"column":7}},"locations":[{"start":{"line":80,"column":52},"end":{"line":82,"column":7}}]}},"b":{"0":[3],"1":[12],"2":[24],"3":[4],"4":[4],"5":[3],"6":[12],"7":[24],"8":[4],"9":[4],"10":[3],"11":[6],"12":[12],"13":[3],"14":[3],"15":[3],"16":[6],"17":[12],"18":[3],"19":[3]},"fnMap":{"0":{"name":"validateHorizontally","decl":{"start":{"line":13,"column":37},"end":{"line":30,"column":2}},"loc":{"start":{"line":13,"column":37},"end":{"line":30,"column":2}},"line":13},"1":{"name":"validateVertically","decl":{"start":{"line":32,"column":35},"end":{"line":49,"column":2}},"loc":{"start":{"line":32,"column":35},"end":{"line":49,"column":2}},"line":32},"2":{"name":"validateDiagonally","decl":{"start":{"line":51,"column":35},"end":{"line":68,"column":2}},"loc":{"start":{"line":51,"column":35},"end":{"line":68,"column":2}},"line":51},"3":{"name":"validateDiagonallyInverse","decl":{"start":{"line":70,"column":42},"end":{"line":87,"column":2}},"loc":{"start":{"line":70,"column":42},"end":{"line":87,"column":2}},"line":70}},"f":{"0":3,"1":3,"2":3,"3":3}}
}
