TN:
SF:index.ts
FN:13,validateHorizontally
FN:32,validateVertically
FN:51,validateDiagonally
FN:70,validateDiagonallyInverse
FNF:4
FNH:4
FNDA:3,validateHorizontally
FNDA:3,validateVertically
FNDA:3,validateDiagonally
FNDA:3,validateDiagonallyInverse
DA:1,1
DA:2,1
DA:3,1
DA:4,1
DA:5,1
DA:6,1
DA:7,1
DA:8,1
DA:9,1
DA:10,1
DA:11,1
DA:12,1
DA:13,1
DA:14,3
DA:15,3
DA:16,3
DA:17,3
DA:18,12
DA:19,24
DA:20,24
DA:21,24
DA:22,24
DA:23,24
DA:24,4
DA:25,4
DA:26,24
DA:27,12
DA:28,3
DA:29,3
DA:30,3
DA:31,1
DA:32,1
DA:33,3
DA:34,3
DA:35,3
DA:36,3
DA:37,12
DA:38,24
DA:39,24
DA:40,24
DA:41,24
DA:42,24
DA:43,4
DA:44,4
DA:45,24
DA:46,12
DA:47,3
DA:48,3
DA:49,3
DA:50,1
DA:51,1
DA:52,3
DA:53,3
DA:54,3
DA:55,3
DA:56,6
DA:57,12
DA:58,12
DA:59,12
DA:60,12
DA:61,12
DA:62,3
DA:63,3
DA:64,12
DA:65,6
DA:66,3
DA:67,3
DA:68,3
DA:69,1
DA:70,1
DA:71,3
DA:72,3
DA:73,3
DA:74,3
DA:75,6
DA:76,12
DA:77,12
DA:78,12
DA:79,12
DA:80,12
DA:81,3
DA:82,3
DA:83,12
DA:84,6
DA:85,3
DA:86,3
DA:87,3
LF:87
LH:87
BRDA:13,0,0,3
BRDA:17,1,0,12
BRDA:18,2,0,24
BRDA:23,3,0,4
BRDA:23,4,0,4
BRDA:32,5,0,3
BRDA:36,6,0,12
BRDA:37,7,0,24
BRDA:42,8,0,4
BRDA:42,9,0,4
BRDA:51,10,0,3
BRDA:55,11,0,6
BRDA:56,12,0,12
BRDA:61,13,0,3
BRDA:61,14,0,3
BRDA:70,15,0,3
BRDA:74,16,0,6
BRDA:75,17,0,12
BRDA:80,18,0,3
BRDA:80,19,0,3
BRF:20
BRH:20
end_of_record
